<?xml version="1.0" encoding="UTF-8"?>
<testng-results skipped="0" failed="0" ignored="0" total="2" passed="2">
  <reporter-output>
  </reporter-output>
  <suite name="Surefire suite" duration-ms="21619" started-at="2021-02-09T12:20:33Z" finished-at="2021-02-09T12:20:54Z">
    <groups>
    </groups>
    <test name="Surefire test" duration-ms="21619" started-at="2021-02-09T12:20:33Z" finished-at="2021-02-09T12:20:54Z">
      <class name="org.martinscademy.DemoTest">
        <test-method status="PASS" signature="setUp()[pri:0, instance:org.martinscademy.DemoTest@2d554825]" name="setUp" is-config="true" duration-ms="6106" started-at="2021-02-09T12:20:33Z" finished-at="2021-02-09T12:20:39Z">
          <reporter-output>
          </reporter-output>
        </test-method> <!-- setUp -->
        <test-method status="PASS" signature="flightTest(java.util.HashMap)[pri:0, instance:org.martinscademy.DemoTest@2d554825]" name="flightTest" duration-ms="10838" started-at="2021-02-09T12:20:39Z" data-provider="getData" finished-at="2021-02-09T12:20:50Z">
          <params>
            <param index="0">
              <value>
                <![CDATA[{destination2=GOI, origin=MAA, destination3=DEL, destination=HYD, origin2=BLR, origin3=JLR}]]>
              </value>
            </param>
          </params>
          <reporter-output>
          </reporter-output>
        </test-method> <!-- flightTest -->
        <test-method status="PASS" signature="flightTest(java.util.HashMap)[pri:0, instance:org.martinscademy.DemoTest@2d554825]" name="flightTest" duration-ms="3021" started-at="2021-02-09T12:20:50Z" data-provider="getData" finished-at="2021-02-09T12:20:53Z">
          <params>
            <param index="0">
              <value>
                <![CDATA[{destination2=GOI, origin=MAA, destination3=DEL, destination=HYD, origin2=BLR, origin3=JLR}]]>
              </value>
            </param>
          </params>
          <reporter-output>
          </reporter-output>
        </test-method> <!-- flightTest -->
        <test-method status="PASS" signature="tearDown()[pri:0, instance:org.martinscademy.DemoTest@2d554825]" name="tearDown" is-config="true" duration-ms="1212" started-at="2021-02-09T12:20:53Z" finished-at="2021-02-09T12:20:54Z">
          <reporter-output>
          </reporter-output>
        </test-method> <!-- tearDown -->
      </class> <!-- org.martinscademy.DemoTest -->
    </test> <!-- Surefire test -->
  </suite> <!-- Surefire suite -->
</testng-results>
